<?xml version="1.0" encoding="UTF-8"?>
<!-- Generated by org.testng.reporters.JUnitXMLReporter -->
<testsuite ignored="8" hostname="DESKTOP-MEL0TQP" failures="0" tests="3" name="TestOnChrome" time="64.254" errors="0" timestamp="2024-09-20T18:27:26 IST">
  <testcase classname="test_package_1.DownloadInvoice" name="downloadInvoiceTest" time="12.551"/>
  <testcase classname="test_package_1.AddJavaCourseTest" name="addJavaCourseTest" time="9.503"/>
  <testcase classname="test_package_1.SelectTestingAndClickOnFacebook" name="SelectTestingAndClickOnFacebookTest" time="14.995"/>
  <testcase classname="generic_utilities.BaseClass_Ecommerce" name="@BeforeTest beforeTest" time="0.0">
    <ignored/>
  </testcase> <!-- @BeforeTest beforeTest -->
  <testcase classname="generic_utilities.BaseClass_Ecommerce" name="@BeforeTest beforeTest" time="0.0">
    <ignored/>
  </testcase> <!-- @BeforeTest beforeTest -->
  <testcase classname="generic_utilities.BaseClass_Ecommerce" name="@BeforeSuite beforeSuite" time="0.0">
    <ignored/>
  </testcase> <!-- @BeforeSuite beforeSuite -->
  <testcase classname="generic_utilities.BaseClass_Ecommerce" name="@AfterSuite afterSuite" time="0.0">
    <ignored/>
  </testcase> <!-- @AfterSuite afterSuite -->
  <testcase classname="generic_utilities.BaseClass_Ecommerce" name="@AfterSuite afterSuite" time="0.0">
    <ignored/>
  </testcase> <!-- @AfterSuite afterSuite -->
  <testcase classname="generic_utilities.BaseClass_Ecommerce" name="@BeforeSuite beforeSuite" time="0.0">
    <ignored/>
  </testcase> <!-- @BeforeSuite beforeSuite -->
  <testcase classname="generic_utilities.BaseClass_Ecommerce" name="@AfterTest afterTest" time="0.0">
    <ignored/>
  </testcase> <!-- @AfterTest afterTest -->
  <testcase classname="generic_utilities.BaseClass_Ecommerce" name="@AfterTest afterTest" time="0.0">
    <ignored/>
  </testcase> <!-- @AfterTest afterTest -->
</testsuite> <!-- TestOnChrome -->
