<?xml version="1.0" encoding="UTF-8"?>
<testng-results ignored="0" total="1" passed="0" failed="1" skipped="0">
  <reporter-output>
  </reporter-output>
  <suite started-at="2024-09-06T19:34:02 IST" name="Default suite" finished-at="2024-09-06T19:34:13 IST" duration-ms="11292">
    <groups>
    </groups>
    <test started-at="2024-09-06T19:34:02 IST" name="Default test" finished-at="2024-09-06T19:34:13 IST" duration-ms="11292">
      <class name="test_package_1.AddJavaCourseTest">
        <test-method is-config="true" signature="beforeSuite()[pri:0, instance:test_package_1.AddJavaCourseTest@1c1bbc4e]" started-at="2024-09-06T19:34:02 IST" name="beforeSuite" finished-at="2024-09-06T19:34:02 IST" duration-ms="11" status="PASS">
          <reporter-output>
          </reporter-output>
        </test-method> <!-- beforeSuite -->
        <test-method is-config="true" signature="beforeTest()[pri:0, instance:test_package_1.AddJavaCourseTest@1c1bbc4e]" started-at="2024-09-06T19:34:02 IST" name="beforeTest" finished-at="2024-09-06T19:34:02 IST" duration-ms="2" status="PASS">
          <reporter-output>
          </reporter-output>
        </test-method> <!-- beforeTest -->
        <test-method is-config="true" signature="beforeClass()[pri:0, instance:test_package_1.AddJavaCourseTest@1c1bbc4e]" started-at="2024-09-06T19:34:02 IST" name="beforeClass" finished-at="2024-09-06T19:34:04 IST" duration-ms="1923" status="PASS">
          <reporter-output>
          </reporter-output>
        </test-method> <!-- beforeClass -->
        <test-method is-config="true" signature="beforeMethod()[pri:0, instance:test_package_1.AddJavaCourseTest@1c1bbc4e]" started-at="2024-09-06T19:34:04 IST" name="beforeMethod" finished-at="2024-09-06T19:34:04 IST" duration-ms="166" status="PASS">
          <reporter-output>
          </reporter-output>
        </test-method> <!-- beforeMethod -->
        <test-method signature="addJavaCourseTest()[pri:0, instance:test_package_1.AddJavaCourseTest@1c1bbc4e]" started-at="2024-09-06T19:34:04 IST" name="addJavaCourseTest" finished-at="2024-09-06T19:34:13 IST" duration-ms="8880" status="FAIL">
          <exception class="java.lang.AssertionError">
            <message>
              <![CDATA[The following asserts failed:
expected [true] but found [false]]]>
            </message>
            <full-stacktrace>
              <![CDATA[java.lang.AssertionError: The following asserts failed:
expected [true] but found [false]
at org.testng.asserts.SoftAssert.assertAll(SoftAssert.java:46)
at org.testng.asserts.SoftAssert.assertAll(SoftAssert.java:30)
at test_package_1.AddJavaCourseTest.addJavaCourseTest(AddJavaCourseTest.java:22)
at java.base/jdk.internal.reflect.NativeMethodAccessorImpl.invoke0(Native Method)
at java.base/jdk.internal.reflect.NativeMethodAccessorImpl.invoke(NativeMethodAccessorImpl.java:77)
at java.base/jdk.internal.reflect.DelegatingMethodAccessorImpl.invoke(DelegatingMethodAccessorImpl.java:43)
at java.base/java.lang.reflect.Method.invoke(Method.java:568)
at org.testng.internal.invokers.MethodInvocationHelper.invokeMethod(MethodInvocationHelper.java:139)
at org.testng.internal.invokers.TestInvoker.invokeMethod(TestInvoker.java:664)
at org.testng.internal.invokers.TestInvoker.invokeTestMethod(TestInvoker.java:227)
at org.testng.internal.invokers.MethodRunner.runInSequence(MethodRunner.java:50)
at org.testng.internal.invokers.TestInvoker$MethodInvocationAgent.invoke(TestInvoker.java:957)
at org.testng.internal.invokers.TestInvoker.invokeTestMethods(TestInvoker.java:200)
at org.testng.internal.invokers.TestMethodWorker.invokeTestMethods(TestMethodWorker.java:148)
at org.testng.internal.invokers.TestMethodWorker.run(TestMethodWorker.java:128)
at java.base/java.util.ArrayList.forEach(ArrayList.java:1511)
at org.testng.TestRunner.privateRun(TestRunner.java:848)
at org.testng.TestRunner.run(TestRunner.java:621)
at org.testng.SuiteRunner.runTest(SuiteRunner.java:443)
at org.testng.SuiteRunner.runSequentially(SuiteRunner.java:437)
at org.testng.SuiteRunner.privateRun(SuiteRunner.java:397)
at org.testng.SuiteRunner.run(SuiteRunner.java:336)
at org.testng.SuiteRunnerWorker.runSuite(SuiteRunnerWorker.java:52)
at org.testng.SuiteRunnerWorker.run(SuiteRunnerWorker.java:95)
at org.testng.TestNG.runSuitesSequentially(TestNG.java:1280)
at org.testng.TestNG.runSuitesLocally(TestNG.java:1200)
at org.testng.TestNG.runSuites(TestNG.java:1114)
at org.testng.TestNG.run(TestNG.java:1082)
at org.testng.remote.AbstractRemoteTestNG.run(AbstractRemoteTestNG.java:115)
at org.testng.remote.RemoteTestNG.initAndRun(RemoteTestNG.java:251)
at org.testng.remote.RemoteTestNG.main(RemoteTestNG.java:77)
]]>
            </full-stacktrace>
          </exception> <!-- java.lang.AssertionError -->
          <reporter-output>
          </reporter-output>
        </test-method> <!-- addJavaCourseTest -->
        <test-method is-config="true" signature="afterMethod()[pri:0, instance:test_package_1.AddJavaCourseTest@1c1bbc4e]" started-at="2024-09-06T19:34:13 IST" name="afterMethod" finished-at="2024-09-06T19:34:13 IST" duration-ms="77" status="PASS">
          <reporter-output>
          </reporter-output>
        </test-method> <!-- afterMethod -->
        <test-method is-config="true" signature="afterClass()[pri:0, instance:test_package_1.AddJavaCourseTest@1c1bbc4e]" started-at="2024-09-06T19:34:13 IST" name="afterClass" finished-at="2024-09-06T19:34:13 IST" duration-ms="196" status="PASS">
          <reporter-output>
          </reporter-output>
        </test-method> <!-- afterClass -->
        <test-method is-config="true" signature="afterTest()[pri:0, instance:test_package_1.AddJavaCourseTest@1c1bbc4e]" started-at="2024-09-06T19:34:13 IST" name="afterTest" finished-at="2024-09-06T19:34:13 IST" duration-ms="0" status="PASS">
          <reporter-output>
          </reporter-output>
        </test-method> <!-- afterTest -->
        <test-method is-config="true" signature="afterSuite()[pri:0, instance:test_package_1.AddJavaCourseTest@1c1bbc4e]" started-at="2024-09-06T19:34:13 IST" name="afterSuite" finished-at="2024-09-06T19:34:13 IST" duration-ms="0" status="PASS">
          <reporter-output>
          </reporter-output>
        </test-method> <!-- afterSuite -->
      </class> <!-- test_package_1.AddJavaCourseTest -->
    </test> <!-- Default test -->
  </suite> <!-- Default suite -->
</testng-results>
